<?xml version="1.0" encoding="UTF-8" ?>
<testsuite tests="3" failures="0" name="by.dorogokupets.walletservice.service.impl.ClientServiceImplTest" time="1.543" errors="0" skipped="0">
  <properties>
[...]
</properties>
  <testcase classname="by.dorogokupets.walletservice.service.impl.ClientServiceImplTest" name="testGetBalance" time="1.47"/>
  <testcase classname="by.dorogokupets.walletservice.service.impl.ClientServiceImplTest" name="testRegister" time="0.072"/>
  <testcase classname="by.dorogokupets.walletservice.service.impl.ClientServiceImplTest" name="testFindClientByLogin" time="0.001"/>
</testsuite>